app/build/intermediates/manifest_merge_blame_file/debug/processDebugMainManifest/manifest-merger-blame-debug-report.txt
1<?xml version="1.0" encoding="utf-8"?>
2<manifest xmlns:android="http://schemas.android.com/apk/res/android"
3    package="com.example.memoryexe"
4    android:versionCode="1"
5    android:versionName="1.0" >
6
7    <uses-sdk
8        android:minSdkVersion="24"
9        android:targetSdkVersion="34" />
10
11    <uses-permission android:name="android.permission.READ_MEDIA_IMAGES" />
11-->src\main\AndroidManifest.xml:5:5-76
11-->src\main\AndroidManifest.xml:5:22-73
12    <uses-permission android:name="android.permission.INTERNET" />
12-->src\main\AndroidManifest.xml:6:5-67
12-->src\main\AndroidManifest.xml:6:22-64
13    <uses-permission android:name="android.permission.ACCESS_NETWORK_STATE" />
13-->[com.google.firebase:firebase-auth:23.0.0] AndroidManifest.xml:26:5-79
13-->[com.google.firebase:firebase-auth:23.0.0] AndroidManifest.xml:26:22-76
14    <uses-permission android:name="android.permission.WAKE_LOCK" />
14-->[com.google.android.gms:play-services-measurement-api:22.0.0] AndroidManifest.xml:24:5-68
14-->[com.google.android.gms:play-services-measurement-api:22.0.0] AndroidManifest.xml:24:22-65
15    <uses-permission android:name="com.google.android.gms.permission.AD_ID" />
15-->[com.google.android.gms:play-services-measurement-api:22.0.0] AndroidManifest.xml:25:5-79
15-->[com.google.android.gms:play-services-measurement-api:22.0.0] AndroidManifest.xml:25:22-76
16    <uses-permission android:name="android.permission.ACCESS_ADSERVICES_ATTRIBUTION" />
16-->[com.google.android.gms:play-services-measurement-api:22.0.0] AndroidManifest.xml:26:5-88
16-->[com.google.android.gms:play-services-measurement-api:22.0.0] AndroidManifest.xml:26:22-85
17    <uses-permission android:name="android.permission.ACCESS_ADSERVICES_AD_ID" />
17-->[com.google.android.gms:play-services-measurement-api:22.0.0] AndroidManifest.xml:27:5-82
17-->[com.google.android.gms:play-services-measurement-api:22.0.0] AndroidManifest.xml:27:22-79
18    <uses-permission android:name="com.google.android.providers.gsf.permission.READ_GSERVICES" />
18-->[com.google.android.recaptcha:recaptcha:18.4.0] AndroidManifest.xml:9:5-98
18-->[com.google.android.recaptcha:recaptcha:18.4.0] AndroidManifest.xml:9:22-95
19    <uses-permission android:name="com.google.android.finsky.permission.BIND_GET_INSTALL_REFERRER_SERVICE" />
19-->[com.google.android.gms:play-services-measurement:22.0.0] AndroidManifest.xml:26:5-110
19-->[com.google.android.gms:play-services-measurement:22.0.0] AndroidManifest.xml:26:22-107
20
21    <permission
21-->[androidx.core:core:1.13.1] AndroidManifest.xml:22:5-24:47
22        android:name="com.example.memoryexe.DYNAMIC_RECEIVER_NOT_EXPORTED_PERMISSION"
22-->[androidx.core:core:1.13.1] AndroidManifest.xml:23:9-81
23        android:protectionLevel="signature" />
23-->[androidx.core:core:1.13.1] AndroidManifest.xml:24:9-44
24
25    <uses-permission android:name="com.example.memoryexe.DYNAMIC_RECEIVER_NOT_EXPORTED_PERMISSION" />
25-->[androidx.core:core:1.13.1] AndroidManifest.xml:26:5-97
25-->[androidx.core:core:1.13.1] AndroidManifest.xml:26:22-94
26
27    <application
27-->src\main\AndroidManifest.xml:8:5-54:19
28        android:allowBackup="true"
28-->src\main\AndroidManifest.xml:9:9-35
29        android:appComponentFactory="androidx.core.app.CoreComponentFactory"
29-->[androidx.core:core:1.13.1] AndroidManifest.xml:28:18-86
30        android:dataExtractionRules="@xml/data_extraction_rules"
30-->src\main\AndroidManifest.xml:10:9-65
31        android:debuggable="true"
32        android:enableOnBackInvokedCallback="true"
32-->src\main\AndroidManifest.xml:11:9-51
33        android:extractNativeLibs="false"
34        android:fullBackupContent="@xml/backup_rules"
34-->src\main\AndroidManifest.xml:12:9-54
35        android:icon="@drawable/memory_exe_logo"
35-->src\main\AndroidManifest.xml:13:9-49
36        android:label="@string/app_name"
36-->src\main\AndroidManifest.xml:14:9-41
37        android:supportsRtl="true"
37-->src\main\AndroidManifest.xml:15:9-35
38        android:testOnly="true"
39        android:theme="@style/Theme.MemoryExe" >
39-->src\main\AndroidManifest.xml:16:9-47
40        <activity
40-->src\main\AndroidManifest.xml:18:9-22:15
41            android:name="com.example.memoryexe.HomeActivity"
41-->src\main\AndroidManifest.xml:19:13-41
42            android:exported="true"
42-->src\main\AndroidManifest.xml:20:13-36
43            android:theme="@style/Theme.AppCompat.Light.DarkActionBar" />
43-->src\main\AndroidManifest.xml:21:13-71
44        <activity
44-->src\main\AndroidManifest.xml:23:9-25:40
45            android:name="com.example.memoryexe.ProfileActivity"
45-->src\main\AndroidManifest.xml:24:13-44
46            android:exported="false" />
46-->src\main\AndroidManifest.xml:25:13-37
47        <activity
47-->src\main\AndroidManifest.xml:26:9-28:40
48            android:name="com.example.memoryexe.SignUpActivity"
48-->src\main\AndroidManifest.xml:27:13-43
49            android:exported="false" />
49-->src\main\AndroidManifest.xml:28:13-37
50        <activity
50-->src\main\AndroidManifest.xml:29:9-32:63
51            android:name="com.example.memoryexe.SignInActivity"
51-->src\main\AndroidManifest.xml:30:13-43
52            android:exported="true"
52-->src\main\AndroidManifest.xml:31:13-36
53            android:theme="@style/Theme.Design.NoActionBar" />
53-->src\main\AndroidManifest.xml:32:13-60
54        <activity
54-->src\main\AndroidManifest.xml:33:9-42:20
55            android:name="com.example.memoryexe.SplashScreen"
55-->src\main\AndroidManifest.xml:34:13-41
56            android:exported="true"
56-->src\main\AndroidManifest.xml:35:13-36
57            android:theme="@style/Theme.AppCompat.Light.NoActionBar" >
57-->src\main\AndroidManifest.xml:36:13-69
58            <intent-filter>
58-->src\main\AndroidManifest.xml:37:13-41:29
59                <action android:name="android.intent.action.MAIN" />
59-->src\main\AndroidManifest.xml:38:17-69
59-->src\main\AndroidManifest.xml:38:25-66
60
61                <category android:name="android.intent.category.LAUNCHER" />
61-->src\main\AndroidManifest.xml:40:17-77
61-->src\main\AndroidManifest.xml:40:27-74
62            </intent-filter>
63        </activity>
64        <activity
64-->src\main\AndroidManifest.xml:43:9-45:40
65            android:name="com.example.memoryexe.SearchActivity"
65-->src\main\AndroidManifest.xml:44:13-43
66            android:exported="false" />
66-->src\main\AndroidManifest.xml:45:13-37
67        <activity
67-->src\main\AndroidManifest.xml:46:9-48:40
68            android:name="com.example.memoryexe.CreateActivity"
68-->src\main\AndroidManifest.xml:47:13-43
69            android:exported="false" />
69-->src\main\AndroidManifest.xml:48:13-37
70        <activity
70-->src\main\AndroidManifest.xml:50:9-53:74
71            android:name="com.example.memoryexe.MainActivity"
71-->src\main\AndroidManifest.xml:51:13-41
72            android:exported="false"
72-->src\main\AndroidManifest.xml:52:13-37
73            android:theme="@style/Theme.AppCompat.Light.DarkActionBar" />
73-->src\main\AndroidManifest.xml:53:13-71
74
75        <service
75-->[com.google.firebase:firebase-config-ktx:22.0.0] AndroidManifest.xml:9:9-15:19
76            android:name="com.google.firebase.components.ComponentDiscoveryService"
76-->[com.google.firebase:firebase-config-ktx:22.0.0] AndroidManifest.xml:10:13-84
77            android:directBootAware="true"
77-->[com.google.firebase:firebase-common:21.0.0] AndroidManifest.xml:32:13-43
78            android:exported="false" >
78-->[com.google.firebase:firebase-config-ktx:22.0.0] AndroidManifest.xml:11:13-37
79            <meta-data
79-->[com.google.firebase:firebase-config-ktx:22.0.0] AndroidManifest.xml:12:13-14:85
80                android:name="com.google.firebase.components:com.google.firebase.remoteconfig.ktx.FirebaseConfigLegacyRegistrar"
80-->[com.google.firebase:firebase-config-ktx:22.0.0] AndroidManifest.xml:13:17-129
81                android:value="com.google.firebase.components.ComponentRegistrar" />
81-->[com.google.firebase:firebase-config-ktx:22.0.0] AndroidManifest.xml:14:17-82
82            <meta-data
82-->[com.google.firebase:firebase-auth:23.0.0] AndroidManifest.xml:69:13-71:85
83                android:name="com.google.firebase.components:com.google.firebase.auth.FirebaseAuthRegistrar"
83-->[com.google.firebase:firebase-auth:23.0.0] AndroidManifest.xml:70:17-109
84                android:value="com.google.firebase.components.ComponentRegistrar" />
84-->[com.google.firebase:firebase-auth:23.0.0] AndroidManifest.xml:71:17-82
85            <meta-data
85-->[com.google.firebase:firebase-firestore:25.0.0] AndroidManifest.xml:17:13-19:85
86                android:name="com.google.firebase.components:com.google.firebase.firestore.FirebaseFirestoreKtxRegistrar"
86-->[com.google.firebase:firebase-firestore:25.0.0] AndroidManifest.xml:18:17-122
87                android:value="com.google.firebase.components.ComponentRegistrar" />
87-->[com.google.firebase:firebase-firestore:25.0.0] AndroidManifest.xml:19:17-82
88            <meta-data
88-->[com.google.firebase:firebase-firestore:25.0.0] AndroidManifest.xml:20:13-22:85
89                android:name="com.google.firebase.components:com.google.firebase.firestore.FirestoreRegistrar"
89-->[com.google.firebase:firebase-firestore:25.0.0] AndroidManifest.xml:21:17-111
90                android:value="com.google.firebase.components.ComponentRegistrar" />
90-->[com.google.firebase:firebase-firestore:25.0.0] AndroidManifest.xml:22:17-82
91            <meta-data
91-->[com.google.firebase:firebase-storage:21.0.0] AndroidManifest.xml:30:13-32:85
92                android:name="com.google.firebase.components:com.google.firebase.storage.FirebaseStorageKtxRegistrar"
92-->[com.google.firebase:firebase-storage:21.0.0] AndroidManifest.xml:31:17-118
93                android:value="com.google.firebase.components.ComponentRegistrar" />
93-->[com.google.firebase:firebase-storage:21.0.0] AndroidManifest.xml:32:17-82
94            <meta-data
94-->[com.google.firebase:firebase-storage:21.0.0] AndroidManifest.xml:33:13-35:85
95                android:name="com.google.firebase.components:com.google.firebase.storage.StorageRegistrar"
95-->[com.google.firebase:firebase-storage:21.0.0] AndroidManifest.xml:34:17-107
96                android:value="com.google.firebase.components.ComponentRegistrar" />
96-->[com.google.firebase:firebase-storage:21.0.0] AndroidManifest.xml:35:17-82
97            <meta-data
97-->[com.google.android.gms:play-services-measurement-api:22.0.0] AndroidManifest.xml:37:13-39:85
98                android:name="com.google.firebase.components:com.google.firebase.analytics.connector.internal.AnalyticsConnectorRegistrar"
98-->[com.google.android.gms:play-services-measurement-api:22.0.0] AndroidManifest.xml:38:17-139
99                android:value="com.google.firebase.components.ComponentRegistrar" />
99-->[com.google.android.gms:play-services-measurement-api:22.0.0] AndroidManifest.xml:39:17-82
100            <meta-data
100-->[com.google.firebase:firebase-config:22.0.0] AndroidManifest.xml:29:13-31:85
101                android:name="com.google.firebase.components:com.google.firebase.remoteconfig.FirebaseRemoteConfigKtxRegistrar"
101-->[com.google.firebase:firebase-config:22.0.0] AndroidManifest.xml:30:17-128
102                android:value="com.google.firebase.components.ComponentRegistrar" />
102-->[com.google.firebase:firebase-config:22.0.0] AndroidManifest.xml:31:17-82
103            <meta-data
103-->[com.google.firebase:firebase-config:22.0.0] AndroidManifest.xml:32:13-34:85
104                android:name="com.google.firebase.components:com.google.firebase.remoteconfig.RemoteConfigRegistrar"
104-->[com.google.firebase:firebase-config:22.0.0] AndroidManifest.xml:33:17-117
105                android:value="com.google.firebase.components.ComponentRegistrar" />
105-->[com.google.firebase:firebase-config:22.0.0] AndroidManifest.xml:34:17-82
106            <meta-data
106-->[com.google.firebase:firebase-installations:18.0.0] AndroidManifest.xml:15:13-17:85
107                android:name="com.google.firebase.components:com.google.firebase.installations.FirebaseInstallationsKtxRegistrar"
107-->[com.google.firebase:firebase-installations:18.0.0] AndroidManifest.xml:16:17-130
108                android:value="com.google.firebase.components.ComponentRegistrar" />
108-->[com.google.firebase:firebase-installations:18.0.0] AndroidManifest.xml:17:17-82
109            <meta-data
109-->[com.google.firebase:firebase-installations:18.0.0] AndroidManifest.xml:18:13-20:85
110                android:name="com.google.firebase.components:com.google.firebase.installations.FirebaseInstallationsRegistrar"
110-->[com.google.firebase:firebase-installations:18.0.0] AndroidManifest.xml:19:17-127
111                android:value="com.google.firebase.components.ComponentRegistrar" />
111-->[com.google.firebase:firebase-installations:18.0.0] AndroidManifest.xml:20:17-82
112            <meta-data
112-->[com.google.firebase:firebase-appcheck:18.0.0] AndroidManifest.xml:25:13-27:85
113                android:name="com.google.firebase.components:com.google.firebase.appcheck.FirebaseAppCheckKtxRegistrar"
113-->[com.google.firebase:firebase-appcheck:18.0.0] AndroidManifest.xml:26:17-120
114                android:value="com.google.firebase.components.ComponentRegistrar" />
114-->[com.google.firebase:firebase-appcheck:18.0.0] AndroidManifest.xml:27:17-82
115            <meta-data
115-->[com.google.firebase:firebase-appcheck:18.0.0] AndroidManifest.xml:28:13-30:85
116                android:name="com.google.firebase.components:com.google.firebase.appcheck.FirebaseAppCheckRegistrar"
116-->[com.google.firebase:firebase-appcheck:18.0.0] AndroidManifest.xml:29:17-117
117                android:value="com.google.firebase.components.ComponentRegistrar" />
117-->[com.google.firebase:firebase-appcheck:18.0.0] AndroidManifest.xml:30:17-82
118            <meta-data
118-->[com.google.firebase:firebase-common-ktx:21.0.0] AndroidManifest.xml:12:13-14:85
119                android:name="com.google.firebase.components:com.google.firebase.ktx.FirebaseCommonLegacyRegistrar"
119-->[com.google.firebase:firebase-common-ktx:21.0.0] AndroidManifest.xml:13:17-116
120                android:value="com.google.firebase.components.ComponentRegistrar" />
120-->[com.google.firebase:firebase-common-ktx:21.0.0] AndroidManifest.xml:14:17-82
121            <meta-data
121-->[com.google.firebase:firebase-common:21.0.0] AndroidManifest.xml:35:13-37:85
122                android:name="com.google.firebase.components:com.google.firebase.FirebaseCommonKtxRegistrar"
122-->[com.google.firebase:firebase-common:21.0.0] AndroidManifest.xml:36:17-109
123                android:value="com.google.firebase.components.ComponentRegistrar" />
123-->[com.google.firebase:firebase-common:21.0.0] AndroidManifest.xml:37:17-82
124            <meta-data
124-->[com.google.firebase:firebase-abt:21.1.1] AndroidManifest.xml:12:13-14:85
125                android:name="com.google.firebase.components:com.google.firebase.abt.component.AbtRegistrar"
125-->[com.google.firebase:firebase-abt:21.1.1] AndroidManifest.xml:13:17-109
126                android:value="com.google.firebase.components.ComponentRegistrar" />
126-->[com.google.firebase:firebase-abt:21.1.1] AndroidManifest.xml:14:17-82
127        </service>
128
129        <activity
129-->[com.google.firebase:firebase-auth:23.0.0] AndroidManifest.xml:29:9-46:20
130            android:name="com.google.firebase.auth.internal.GenericIdpActivity"
130-->[com.google.firebase:firebase-auth:23.0.0] AndroidManifest.xml:30:13-80
131            android:excludeFromRecents="true"
131-->[com.google.firebase:firebase-auth:23.0.0] AndroidManifest.xml:31:13-46
132            android:exported="true"
132-->[com.google.firebase:firebase-auth:23.0.0] AndroidManifest.xml:32:13-36
133            android:launchMode="singleTask"
133-->[com.google.firebase:firebase-auth:23.0.0] AndroidManifest.xml:33:13-44
134            android:theme="@android:style/Theme.Translucent.NoTitleBar" >
134-->[com.google.firebase:firebase-auth:23.0.0] AndroidManifest.xml:34:13-72
135            <intent-filter>
135-->[com.google.firebase:firebase-auth:23.0.0] AndroidManifest.xml:35:13-45:29
136                <action android:name="android.intent.action.VIEW" />
136-->[com.google.firebase:firebase-auth:23.0.0] AndroidManifest.xml:36:17-69
136-->[com.google.firebase:firebase-auth:23.0.0] AndroidManifest.xml:36:25-66
137
138                <category android:name="android.intent.category.DEFAULT" />
138-->[com.google.firebase:firebase-auth:23.0.0] AndroidManifest.xml:38:17-76
138-->[com.google.firebase:firebase-auth:23.0.0] AndroidManifest.xml:38:27-73
139                <category android:name="android.intent.category.BROWSABLE" />
139-->[com.google.firebase:firebase-auth:23.0.0] AndroidManifest.xml:39:17-78
139-->[com.google.firebase:firebase-auth:23.0.0] AndroidManifest.xml:39:27-75
140
141                <data
141-->[com.google.firebase:firebase-auth:23.0.0] AndroidManifest.xml:41:17-44:51
142                    android:host="firebase.auth"
142-->[com.google.firebase:firebase-auth:23.0.0] AndroidManifest.xml:42:21-49
143                    android:path="/"
143-->[com.google.firebase:firebase-auth:23.0.0] AndroidManifest.xml:43:21-37
144                    android:scheme="genericidp" />
144-->[com.google.firebase:firebase-auth:23.0.0] AndroidManifest.xml:44:21-48
145            </intent-filter>
146        </activity>
147        <activity
147-->[com.google.firebase:firebase-auth:23.0.0] AndroidManifest.xml:47:9-64:20
148            android:name="com.google.firebase.auth.internal.RecaptchaActivity"
148-->[com.google.firebase:firebase-auth:23.0.0] AndroidManifest.xml:48:13-79
149            android:excludeFromRecents="true"
149-->[com.google.firebase:firebase-auth:23.0.0] AndroidManifest.xml:49:13-46
150            android:exported="true"
150-->[com.google.firebase:firebase-auth:23.0.0] AndroidManifest.xml:50:13-36
151            android:launchMode="singleTask"
151-->[com.google.firebase:firebase-auth:23.0.0] AndroidManifest.xml:51:13-44
152            android:theme="@android:style/Theme.Translucent.NoTitleBar" >
152-->[com.google.firebase:firebase-auth:23.0.0] AndroidManifest.xml:52:13-72
153            <intent-filter>
153-->[com.google.firebase:firebase-auth:23.0.0] AndroidManifest.xml:53:13-63:29
154                <action android:name="android.intent.action.VIEW" />
154-->[com.google.firebase:firebase-auth:23.0.0] AndroidManifest.xml:36:17-69
154-->[com.google.firebase:firebase-auth:23.0.0] AndroidManifest.xml:36:25-66
155
156                <category android:name="android.intent.category.DEFAULT" />
156-->[com.google.firebase:firebase-auth:23.0.0] AndroidManifest.xml:38:17-76
156-->[com.google.firebase:firebase-auth:23.0.0] AndroidManifest.xml:38:27-73
157                <category android:name="android.intent.category.BROWSABLE" />
157-->[com.google.firebase:firebase-auth:23.0.0] AndroidManifest.xml:39:17-78
157-->[com.google.firebase:firebase-auth:23.0.0] AndroidManifest.xml:39:27-75
158
159                <data
159-->[com.google.firebase:firebase-auth:23.0.0] AndroidManifest.xml:41:17-44:51
160                    android:host="firebase.auth"
160-->[com.google.firebase:firebase-auth:23.0.0] AndroidManifest.xml:42:21-49
161                    android:path="/"
161-->[com.google.firebase:firebase-auth:23.0.0] AndroidManifest.xml:43:21-37
162                    android:scheme="recaptcha" />
162-->[com.google.firebase:firebase-auth:23.0.0] AndroidManifest.xml:44:21-48
163            </intent-filter>
164        </activity>
165
166        <property
166-->[com.google.android.gms:play-services-measurement-api:22.0.0] AndroidManifest.xml:30:9-32:61
167            android:name="android.adservices.AD_SERVICES_CONFIG"
167-->[com.google.android.gms:play-services-measurement-api:22.0.0] AndroidManifest.xml:31:13-65
168            android:resource="@xml/ga_ad_services_config" />
168-->[com.google.android.gms:play-services-measurement-api:22.0.0] AndroidManifest.xml:32:13-58
169
170        <service
170-->[androidx.credentials:credentials-play-services-auth:1.2.0-rc01] AndroidManifest.xml:24:9-32:19
171            android:name="androidx.credentials.playservices.CredentialProviderMetadataHolder"
171-->[androidx.credentials:credentials-play-services-auth:1.2.0-rc01] AndroidManifest.xml:25:13-94
172            android:enabled="true"
172-->[androidx.credentials:credentials-play-services-auth:1.2.0-rc01] AndroidManifest.xml:26:13-35
173            android:exported="false" >
173-->[androidx.credentials:credentials-play-services-auth:1.2.0-rc01] AndroidManifest.xml:27:13-37
174            <meta-data
174-->[androidx.credentials:credentials-play-services-auth:1.2.0-rc01] AndroidManifest.xml:29:13-31:104
175                android:name="androidx.credentials.CREDENTIAL_PROVIDER_KEY"
175-->[androidx.credentials:credentials-play-services-auth:1.2.0-rc01] AndroidManifest.xml:30:17-76
176                android:value="androidx.credentials.playservices.CredentialProviderPlayServicesImpl" />
176-->[androidx.credentials:credentials-play-services-auth:1.2.0-rc01] AndroidManifest.xml:31:17-101
177        </service>
178
179        <activity
179-->[androidx.credentials:credentials-play-services-auth:1.2.0-rc01] AndroidManifest.xml:34:9-41:20
180            android:name="androidx.credentials.playservices.HiddenActivity"
180-->[androidx.credentials:credentials-play-services-auth:1.2.0-rc01] AndroidManifest.xml:35:13-76
181            android:configChanges="orientation|screenSize|screenLayout|keyboardHidden"
181-->[androidx.credentials:credentials-play-services-auth:1.2.0-rc01] AndroidManifest.xml:36:13-87
182            android:enabled="true"
182-->[androidx.credentials:credentials-play-services-auth:1.2.0-rc01] AndroidManifest.xml:37:13-35
183            android:exported="false"
183-->[androidx.credentials:credentials-play-services-auth:1.2.0-rc01] AndroidManifest.xml:38:13-37
184            android:fitsSystemWindows="true"
184-->[androidx.credentials:credentials-play-services-auth:1.2.0-rc01] AndroidManifest.xml:39:13-45
185            android:theme="@style/Theme.Hidden" >
185-->[androidx.credentials:credentials-play-services-auth:1.2.0-rc01] AndroidManifest.xml:40:13-48
186        </activity>
187        <activity
187-->[com.google.android.gms:play-services-auth:20.7.0] AndroidManifest.xml:23:9-27:75
188            android:name="com.google.android.gms.auth.api.signin.internal.SignInHubActivity"
188-->[com.google.android.gms:play-services-auth:20.7.0] AndroidManifest.xml:24:13-93
189            android:excludeFromRecents="true"
189-->[com.google.android.gms:play-services-auth:20.7.0] AndroidManifest.xml:25:13-46
190            android:exported="false"
190-->[com.google.android.gms:play-services-auth:20.7.0] AndroidManifest.xml:26:13-37
191            android:theme="@android:style/Theme.Translucent.NoTitleBar" />
191-->[com.google.android.gms:play-services-auth:20.7.0] AndroidManifest.xml:27:13-72
192        <!--
193            Service handling Google Sign-In user revocation. For apps that do not integrate with
194            Google Sign-In, this service will never be started.
195        -->
196        <service
196-->[com.google.android.gms:play-services-auth:20.7.0] AndroidManifest.xml:33:9-37:51
197            android:name="com.google.android.gms.auth.api.signin.RevocationBoundService"
197-->[com.google.android.gms:play-services-auth:20.7.0] AndroidManifest.xml:34:13-89
198            android:exported="true"
198-->[com.google.android.gms:play-services-auth:20.7.0] AndroidManifest.xml:35:13-36
199            android:permission="com.google.android.gms.auth.api.signin.permission.REVOCATION_NOTIFICATION"
199-->[com.google.android.gms:play-services-auth:20.7.0] AndroidManifest.xml:36:13-107
200            android:visibleToInstantApps="true" />
200-->[com.google.android.gms:play-services-auth:20.7.0] AndroidManifest.xml:37:13-48
201
202        <provider
202-->[com.google.firebase:firebase-common:21.0.0] AndroidManifest.xml:23:9-28:39
203            android:name="com.google.firebase.provider.FirebaseInitProvider"
203-->[com.google.firebase:firebase-common:21.0.0] AndroidManifest.xml:24:13-77
204            android:authorities="com.example.memoryexe.firebaseinitprovider"
204-->[com.google.firebase:firebase-common:21.0.0] AndroidManifest.xml:25:13-72
205            android:directBootAware="true"
205-->[com.google.firebase:firebase-common:21.0.0] AndroidManifest.xml:26:13-43
206            android:exported="false"
206-->[com.google.firebase:firebase-common:21.0.0] AndroidManifest.xml:27:13-37
207            android:initOrder="100" />
207-->[com.google.firebase:firebase-common:21.0.0] AndroidManifest.xml:28:13-36
208
209        <receiver
209-->[com.google.android.gms:play-services-measurement:22.0.0] AndroidManifest.xml:29:9-33:20
210            android:name="com.google.android.gms.measurement.AppMeasurementReceiver"
210-->[com.google.android.gms:play-services-measurement:22.0.0] AndroidManifest.xml:30:13-85
211            android:enabled="true"
211-->[com.google.android.gms:play-services-measurement:22.0.0] AndroidManifest.xml:31:13-35
212            android:exported="false" >
212-->[com.google.android.gms:play-services-measurement:22.0.0] AndroidManifest.xml:32:13-37
213        </receiver>
214
215        <service
215-->[com.google.android.gms:play-services-measurement:22.0.0] AndroidManifest.xml:35:9-38:40
216            android:name="com.google.android.gms.measurement.AppMeasurementService"
216-->[com.google.android.gms:play-services-measurement:22.0.0] AndroidManifest.xml:36:13-84
217            android:enabled="true"
217-->[com.google.android.gms:play-services-measurement:22.0.0] AndroidManifest.xml:37:13-35
218            android:exported="false" />
218-->[com.google.android.gms:play-services-measurement:22.0.0] AndroidManifest.xml:38:13-37
219        <service
219-->[com.google.android.gms:play-services-measurement:22.0.0] AndroidManifest.xml:39:9-43:72
220            android:name="com.google.android.gms.measurement.AppMeasurementJobService"
220-->[com.google.android.gms:play-services-measurement:22.0.0] AndroidManifest.xml:40:13-87
221            android:enabled="true"
221-->[com.google.android.gms:play-services-measurement:22.0.0] AndroidManifest.xml:41:13-35
222            android:exported="false"
222-->[com.google.android.gms:play-services-measurement:22.0.0] AndroidManifest.xml:42:13-37
223            android:permission="android.permission.BIND_JOB_SERVICE" />
223-->[com.google.android.gms:play-services-measurement:22.0.0] AndroidManifest.xml:43:13-69
224
225        <uses-library
225-->[androidx.privacysandbox.ads:ads-adservices:1.0.0-beta05] AndroidManifest.xml:23:9-25:40
226            android:name="android.ext.adservices"
226-->[androidx.privacysandbox.ads:ads-adservices:1.0.0-beta05] AndroidManifest.xml:24:13-50
227            android:required="false" />
227-->[androidx.privacysandbox.ads:ads-adservices:1.0.0-beta05] AndroidManifest.xml:25:13-37
228
229        <activity
229-->[com.google.android.gms:play-services-base:18.1.0] AndroidManifest.xml:20:9-22:45
230            android:name="com.google.android.gms.common.api.GoogleApiActivity"
230-->[com.google.android.gms:play-services-base:18.1.0] AndroidManifest.xml:20:19-85
231            android:exported="false"
231-->[com.google.android.gms:play-services-base:18.1.0] AndroidManifest.xml:22:19-43
232            android:theme="@android:style/Theme.Translucent.NoTitleBar" />
232-->[com.google.android.gms:play-services-base:18.1.0] AndroidManifest.xml:21:19-78
233
234        <meta-data
234-->[com.google.android.gms:play-services-basement:18.3.0] AndroidManifest.xml:21:9-23:69
235            android:name="com.google.android.gms.version"
235-->[com.google.android.gms:play-services-basement:18.3.0] AndroidManifest.xml:22:13-58
236            android:value="@integer/google_play_services_version" />
236-->[com.google.android.gms:play-services-basement:18.3.0] AndroidManifest.xml:23:13-66
237
238        <provider
238-->[androidx.emoji2:emoji2:1.2.0] AndroidManifest.xml:24:9-32:20
239            android:name="androidx.startup.InitializationProvider"
239-->[androidx.emoji2:emoji2:1.2.0] AndroidManifest.xml:25:13-67
240            android:authorities="com.example.memoryexe.androidx-startup"
240-->[androidx.emoji2:emoji2:1.2.0] AndroidManifest.xml:26:13-68
241            android:exported="false" >
241-->[androidx.emoji2:emoji2:1.2.0] AndroidManifest.xml:27:13-37
242            <meta-data
242-->[androidx.emoji2:emoji2:1.2.0] AndroidManifest.xml:29:13-31:52
243                android:name="androidx.emoji2.text.EmojiCompatInitializer"
243-->[androidx.emoji2:emoji2:1.2.0] AndroidManifest.xml:30:17-75
244                android:value="androidx.startup" />
244-->[androidx.emoji2:emoji2:1.2.0] AndroidManifest.xml:31:17-49
245            <meta-data
245-->[androidx.lifecycle:lifecycle-process:2.6.2] AndroidManifest.xml:29:13-31:52
246                android:name="androidx.lifecycle.ProcessLifecycleInitializer"
246-->[androidx.lifecycle:lifecycle-process:2.6.2] AndroidManifest.xml:30:17-78
247                android:value="androidx.startup" />
247-->[androidx.lifecycle:lifecycle-process:2.6.2] AndroidManifest.xml:31:17-49
248            <meta-data
248-->[androidx.profileinstaller:profileinstaller:1.3.1] AndroidManifest.xml:29:13-31:52
249                android:name="androidx.profileinstaller.ProfileInstallerInitializer"
249-->[androidx.profileinstaller:profileinstaller:1.3.1] AndroidManifest.xml:30:17-85
250                android:value="androidx.startup" />
250-->[androidx.profileinstaller:profileinstaller:1.3.1] AndroidManifest.xml:31:17-49
251        </provider>
252        <provider
252-->[com.squareup.picasso:picasso:2.71828] AndroidManifest.xml:8:9-11:40